c:\users\mohamed\source\repos\day4\mazebouns\maze\maze\x64\debug\vc143.pdb
c:\users\mohamed\source\repos\day4\mazebouns\maze\maze\x64\debug\vc143.idb
c:\users\mohamed\source\repos\day4\mazebouns\maze\maze\x64\debug\maze.obj
c:\users\mohamed\source\repos\day4\mazebouns\maze\maze\x64\debug\creategame.obj
c:\users\mohamed\source\repos\day4\mazebouns\maze\maze\x64\debug\maze.ilk
c:\users\mohamed\source\repos\day4\mazebouns\maze\x64\debug\maze.pdb
c:\users\mohamed\source\repos\day4\mazebouns\maze\x64\debug\maze.ilk
c:\users\mohamed\source\repos\day4\mazebouns\maze\maze\x64\debug\maze.tlog\cl.command.1.tlog
c:\users\mohamed\source\repos\day4\mazebouns\maze\maze\x64\debug\maze.tlog\cl.items.tlog
c:\users\mohamed\source\repos\day4\mazebouns\maze\maze\x64\debug\maze.tlog\cl.read.1.tlog
c:\users\mohamed\source\repos\day4\mazebouns\maze\maze\x64\debug\maze.tlog\cl.write.1.tlog
c:\users\mohamed\source\repos\day4\mazebouns\maze\maze\x64\debug\maze.tlog\link-cvtres.read.1.tlog
c:\users\mohamed\source\repos\day4\mazebouns\maze\maze\x64\debug\maze.tlog\link-cvtres.write.1.tlog
c:\users\mohamed\source\repos\day4\mazebouns\maze\maze\x64\debug\maze.tlog\link-rc.read.1.tlog
c:\users\mohamed\source\repos\day4\mazebouns\maze\maze\x64\debug\maze.tlog\link-rc.write.1.tlog
c:\users\mohamed\source\repos\day4\mazebouns\maze\maze\x64\debug\maze.tlog\link.18148-cvtres.read.1.tlog
c:\users\mohamed\source\repos\day4\mazebouns\maze\maze\x64\debug\maze.tlog\link.18148-cvtres.write.1.tlog
c:\users\mohamed\source\repos\day4\mazebouns\maze\maze\x64\debug\maze.tlog\link.18148-rc.read.1.tlog
c:\users\mohamed\source\repos\day4\mazebouns\maze\maze\x64\debug\maze.tlog\link.18148-rc.write.1.tlog
c:\users\mohamed\source\repos\day4\mazebouns\maze\maze\x64\debug\maze.tlog\link.18148.read.1.tlog
c:\users\mohamed\source\repos\day4\mazebouns\maze\maze\x64\debug\maze.tlog\link.18148.read.2.tlog
c:\users\mohamed\source\repos\day4\mazebouns\maze\maze\x64\debug\maze.tlog\link.18148.read.3.tlog
c:\users\mohamed\source\repos\day4\mazebouns\maze\maze\x64\debug\maze.tlog\link.18148.read.4.tlog
c:\users\mohamed\source\repos\day4\mazebouns\maze\maze\x64\debug\maze.tlog\link.18148.read.5.tlog
c:\users\mohamed\source\repos\day4\mazebouns\maze\maze\x64\debug\maze.tlog\link.18148.write.1.tlog
c:\users\mohamed\source\repos\day4\mazebouns\maze\maze\x64\debug\maze.tlog\link.command.1.tlog
c:\users\mohamed\source\repos\day4\mazebouns\maze\maze\x64\debug\maze.tlog\link.read.1.tlog
c:\users\mohamed\source\repos\day4\mazebouns\maze\maze\x64\debug\maze.tlog\link.read.2.tlog
c:\users\mohamed\source\repos\day4\mazebouns\maze\maze\x64\debug\maze.tlog\link.read.3.tlog
c:\users\mohamed\source\repos\day4\mazebouns\maze\maze\x64\debug\maze.tlog\link.read.4.tlog
c:\users\mohamed\source\repos\day4\mazebouns\maze\maze\x64\debug\maze.tlog\link.read.5.tlog
c:\users\mohamed\source\repos\day4\mazebouns\maze\maze\x64\debug\maze.tlog\link.read.6.tlog
c:\users\mohamed\source\repos\day4\mazebouns\maze\maze\x64\debug\maze.tlog\link.secondary.1.tlog
c:\users\mohamed\source\repos\day4\mazebouns\maze\maze\x64\debug\maze.tlog\link.write.1.tlog
